Using pre-set license
Built from '2022.1/staging' branch; Version is '2022.1.7f1 (240f4c1f462c) revision 2363212'; Using compiler version '192829333'; Build Type 'Release'
OS: 'Windows 11  (10.0.26100) 64bit Professional' Language: 'en' Physical Memory: 65261 MB
BatchMode: 1, IsHumanControllingUs: 0, StartBugReporterOnCrash: 0, Is64bit: 1, IsPro: 1

COMMAND LINE ARGUMENTS:
C:\Program Files\Unity\Hub\Editor\2022.1.7f1\Editor\Unity.exe
-adb2
-batchMode
-noUpm
-name
AssetImportWorker1
-projectPath
C:/Users/Riley/Desktop/Shader Implementation
-logFile
Logs/AssetImportWorker1.log
-srvPort
58605
Successfully changed project path to: C:/Users/Riley/Desktop/Shader Implementation
C:/Users/Riley/Desktop/Shader Implementation
[UnityMemory] Configuration Parameters - Can be set up in boot.config
    "memorysetup-bucket-allocator-granularity=16"
    "memorysetup-bucket-allocator-bucket-count=8"
    "memorysetup-bucket-allocator-block-size=33554432"
    "memorysetup-bucket-allocator-block-count=8"
    "memorysetup-main-allocator-block-size=16777216"
    "memorysetup-thread-allocator-block-size=16777216"
    "memorysetup-gfx-main-allocator-block-size=16777216"
    "memorysetup-gfx-thread-allocator-block-size=16777216"
    "memorysetup-cache-allocator-block-size=4194304"
    "memorysetup-typetree-allocator-block-size=2097152"
    "memorysetup-profiler-bucket-allocator-granularity=16"
    "memorysetup-profiler-bucket-allocator-bucket-count=8"
    "memorysetup-profiler-bucket-allocator-block-size=33554432"
    "memorysetup-profiler-bucket-allocator-block-count=8"
    "memorysetup-profiler-allocator-block-size=16777216"
    "memorysetup-profiler-editor-allocator-block-size=1048576"
    "memorysetup-temp-allocator-size-main=16777216"
    "memorysetup-job-temp-allocator-block-size=2097152"
    "memorysetup-job-temp-allocator-block-size-background=1048576"
    "memorysetup-job-temp-allocator-reduction-small-platforms=262144"
    "memorysetup-temp-allocator-size-background-worker=32768"
    "memorysetup-temp-allocator-size-job-worker=262144"
    "memorysetup-temp-allocator-size-preload-manager=33554432"
    "memorysetup-temp-allocator-size-nav-mesh-worker=65536"
    "memorysetup-temp-allocator-size-audio-worker=65536"
    "memorysetup-temp-allocator-size-cloud-worker=32768"
    "memorysetup-temp-allocator-size-gi-baking-worker=262144"
    "memorysetup-temp-allocator-size-gfx=262144"
Refreshing native plugins compatible for Editor in 64.80 ms, found 3 plugins.
Preloading 0 native plugins for Editor in 0.00 ms.
Initialize engine version: 2022.1.7f1 (240f4c1f462c)
[Subsystems] Discovering subsystems at path C:/Program Files/Unity/Hub/Editor/2022.1.7f1/Editor/Data/Resources/UnitySubsystems
[Subsystems] Discovering subsystems at path C:/Users/Riley/Desktop/Shader Implementation/Assets
GfxDevice: creating device client; threaded=0; jobified=0
Direct3D:
    Version:  Direct3D 11.0 [level 11.1]
    Renderer: NVIDIA GeForce RTX 4070 (ID=0x2786)
    Vendor:   NVIDIA
    VRAM:     12012 MB
    Driver:   32.0.15.6590
Initialize mono
Mono path[0] = 'C:/Program Files/Unity/Hub/Editor/2022.1.7f1/Editor/Data/Managed'
Mono path[1] = 'C:/Program Files/Unity/Hub/Editor/2022.1.7f1/Editor/Data/MonoBleedingEdge/lib/mono/unityjit-win32'
Mono config path = 'C:/Program Files/Unity/Hub/Editor/2022.1.7f1/Editor/Data/MonoBleedingEdge/etc'
Using monoOptions --debugger-agent=transport=dt_socket,embedding=1,server=y,suspend=n,address=127.0.0.1:56484
Begin MonoManager ReloadAssembly
Registering precompiled unity dll's ...
Register platform support module: C:/Program Files/Unity/Hub/Editor/2022.1.7f1/Editor/Data/PlaybackEngines/AndroidPlayer/UnityEditor.Android.Extensions.dll
Register platform support module: C:/Program Files/Unity/Hub/Editor/2022.1.7f1/Editor/Data/PlaybackEngines/iOSSupport/UnityEditor.iOS.Extensions.dll
Register platform support module: C:/Program Files/Unity/Hub/Editor/2022.1.7f1/Editor/Data/PlaybackEngines/WindowsStandaloneSupport/UnityEditor.WindowsStandalone.Extensions.dll
Registered in 0.004719 seconds.
Native extension for WindowsStandalone target not found
[usbmuxd] Start listen thread
[usbmuxd] Listen thread started
Native extension for iOS target not found
Native extension for Android target not found
Refreshing native plugins compatible for Editor in 63.11 ms, found 3 plugins.
Preloading 0 native plugins for Editor in 0.00 ms.
Mono: successfully reloaded assembly
- Completed reload, in  0.407 seconds
Domain Reload Profiling:
	ReloadAssembly (407ms)
		BeginReloadAssembly (44ms)
			ExecutionOrderSort (0ms)
			DisableScriptedObjects (0ms)
			BackupInstance (0ms)
			ReleaseScriptingObjects (0ms)
			CreateAndSetChildDomain (0ms)
		EndReloadAssembly (301ms)
			LoadAssemblies (43ms)
			RebuildTransferFunctionScriptingTraits (0ms)
			SetupTypeCache (61ms)
				TypeCache.Initialize (61ms)
					TypeCache.ScanAssembly (60ms)
				ResolveRequiredComponents (0ms)
			ReleaseScriptCaches (0ms)
			RebuildScriptCaches (16ms)
			SetupLoadedEditorAssemblies (193ms)
				LogAssemblyErrors (0ms)
				InitializePlatformSupportModulesInManaged (38ms)
				SetLoadedEditorAssemblies (5ms)
				RefreshPlugins (63ms)
				BeforeProcessingInitializeOnLoad (1ms)
				ProcessInitializeOnLoadAttributes (60ms)
				ProcessInitializeOnLoadMethodAttributes (25ms)
				AfterProcessingInitializeOnLoad (0ms)
				EditorAssembliesLoaded (0ms)
			ExecutionOrderSort2 (0ms)
			AwakeInstancesAfterBackupRestoration (0ms)
Platform modules already initialized, skipping
Registering precompiled user dll's ...
Registered in 0.007183 seconds.
Begin MonoManager ReloadAssembly
Symbol file LoadedFromMemory doesn't match image C:\Users\Riley\Desktop\Shader Implementation\Library\PackageCache\com.unity.visualscripting@1.7.8\Editor\VisualScripting.Core\Dependencies\YamlDotNet\Unity.VisualScripting.YamlDotNet.dll
Symbol file LoadedFromMemory doesn't match image C:\Users\Riley\Desktop\Shader Implementation\Library\PackageCache\com.unity.visualscripting@1.7.8\Editor\VisualScripting.Core\Dependencies\DotNetZip\Unity.VisualScripting.IonicZip.dll
Native extension for WindowsStandalone target not found
Native extension for iOS target not found
Native extension for Android target not found
Refreshing native plugins compatible for Editor in 62.41 ms, found 3 plugins.
Preloading 0 native plugins for Editor in 0.00 ms.
Mono: successfully reloaded assembly
- Completed reload, in  0.907 seconds
Domain Reload Profiling:
	ReloadAssembly (907ms)
		BeginReloadAssembly (184ms)
			ExecutionOrderSort (0ms)
			DisableScriptedObjects (3ms)
			BackupInstance (0ms)
			ReleaseScriptingObjects (0ms)
			CreateAndSetChildDomain (128ms)
		EndReloadAssembly (650ms)
			LoadAssemblies (61ms)
			RebuildTransferFunctionScriptingTraits (0ms)
			SetupTypeCache (173ms)
				TypeCache.Initialize (166ms)
					TypeCache.ScanAssembly (163ms)
				ResolveRequiredComponents (7ms)
			ReleaseScriptCaches (1ms)
			RebuildScriptCaches (37ms)
			SetupLoadedEditorAssemblies (352ms)
				LogAssemblyErrors (0ms)
				InitializePlatformSupportModulesInManaged (13ms)
				SetLoadedEditorAssemblies (4ms)
				RefreshPlugins (62ms)
				BeforeProcessingInitializeOnLoad (71ms)
				ProcessInitializeOnLoadAttributes (151ms)
				ProcessInitializeOnLoadMethodAttributes (46ms)
				AfterProcessingInitializeOnLoad (4ms)
				EditorAssembliesLoaded (0ms)
			ExecutionOrderSort2 (0ms)
			AwakeInstancesAfterBackupRestoration (3ms)
Platform modules already initialized, skipping
========================================================================
Worker process is ready to serve import requests
Launched and connected shader compiler UnityShaderCompiler.exe after 0.03 seconds
Refreshing native plugins compatible for Editor in 0.79 ms, found 3 plugins.
Preloading 0 native plugins for Editor in 0.00 ms.
Unloading 5422 Unused Serialized files (Serialized files now loaded: 0)
Unloading 45 unused Assets / (422.0 KB). Loaded Objects now: 5880.
Memory consumption went from 0.84 GB to 0.84 GB.
Total: 3.375100 ms (FindLiveObjects: 0.332300 ms CreateObjectMapping: 0.076800 ms MarkObjects: 2.814200 ms  DeleteObjects: 0.151300 ms)

AssetImportParameters requested are different than current active one (requested -> active):
  custom:video-decoder-ogg-theora: a1e56fd34408186e4bbccfd4996cb3dc -> 
  custom:container-muxer-webm: aa71ff27fc2769a1b78a27578f13a17b -> 
  custom:container-demuxer-webm: 4f35f7cbe854078d1ac9338744f61a02 -> 
  custom:video-encoder-webm-vp8: eb34c28f22e8b96e1ab97ce403110664 -> 
  custom:video-codec-MediaFoundation-h265: 746d11721c4dcdbdad8f713fa42b33f4 -> 
  custom:audio-encoder-webm-vorbis: bf7c407c2cedff20999df2af8eb42d56 -> 
  custom:framework-win-MediaFoundation: 216162199b28c13a410421893ffa2e32 -> 
  custom:container-demuxer-ogg: 62fdf1f143b41e24485cea50d1cbac27 -> 
  custom:video-decoder-webm-vp8: 9c59270c3fd7afecdb556c50c9e8de78 -> 
  custom:audio-decoder-ogg-vorbis: bf7c407c2cedff20999df2af8eb42d56 -> 
========================================================================
Received Import Request.
  Time since last request: 4641.610783 seconds.
  path: Assets/Prefabs/Rust Tank.prefab
  artifactKey: Guid(e8dcd6f64c4c7d04b8a6e6956bc87fb4) Importer(815301076,1909f56bfc062723c751e8b465ee728b)
Start importing Assets/Prefabs/Rust Tank.prefab using Guid(e8dcd6f64c4c7d04b8a6e6956bc87fb4) Importer(815301076,1909f56bfc062723c751e8b465ee728b)  -> (artifact id: '4afc8e9ab60b8c62a53ec9952e244be3') in 0.173353 seconds 
========================================================================
Received Import Request.
  Time since last request: 133.166811 seconds.
  path: Assets/Assets/Enemies/Mush_Model_Turret_1.fbx
  artifactKey: Guid(a70500991011a064da1acd4ddcb96b92) Importer(815301076,1909f56bfc062723c751e8b465ee728b)
Start importing Assets/Assets/Enemies/Mush_Model_Turret_1.fbx using Guid(a70500991011a064da1acd4ddcb96b92) Importer(815301076,1909f56bfc062723c751e8b465ee728b)  -> (artifact id: '378c6a1a27ae5d6783bab39848f9ea88') in 0.068068 seconds 
========================================================================
Received Import Request.
  Time since last request: 17.192950 seconds.
  path: Assets/Prefabs/Sci Tank .prefab
  artifactKey: Guid(4c4d333f6ac88144698d3494fd18f09a) Importer(815301076,1909f56bfc062723c751e8b465ee728b)
Start importing Assets/Prefabs/Sci Tank .prefab using Guid(4c4d333f6ac88144698d3494fd18f09a) Importer(815301076,1909f56bfc062723c751e8b465ee728b)  -> (artifact id: '85163051d66fbb3f43cb2c5d01b03291') in 0.509049 seconds 
========================================================================
Received Import Request.
  Time since last request: 0.000018 seconds.
  path: Assets/Prefabs/Tank.prefab
  artifactKey: Guid(d16147d50cb67244fa7ca1b57c1019d6) Importer(815301076,1909f56bfc062723c751e8b465ee728b)
Start importing Assets/Prefabs/Tank.prefab using Guid(d16147d50cb67244fa7ca1b57c1019d6) Importer(815301076,1909f56bfc062723c751e8b465ee728b)  -> (artifact id: '69f412d0d607744047dbbf754ead4ad5') in 0.016955 seconds 
========================================================================
Received Prepare
Registering precompiled user dll's ...
Registered in 0.006215 seconds.
Begin MonoManager ReloadAssembly
Symbol file LoadedFromMemory doesn't match image C:\Users\Riley\Desktop\Shader Implementation\Library\PackageCache\com.unity.visualscripting@1.7.8\Editor\VisualScripting.Core\Dependencies\YamlDotNet\Unity.VisualScripting.YamlDotNet.dll
Symbol file LoadedFromMemory doesn't match image C:\Users\Riley\Desktop\Shader Implementation\Library\PackageCache\com.unity.visualscripting@1.7.8\Editor\VisualScripting.Core\Dependencies\DotNetZip\Unity.VisualScripting.IonicZip.dll
Native extension for WindowsStandalone target not found
Native extension for iOS target not found
Native extension for Android target not found
Refreshing native plugins compatible for Editor in 0.76 ms, found 3 plugins.
Preloading 0 native plugins for Editor in 0.00 ms.
Mono: successfully reloaded assembly
- Completed reload, in  0.834 seconds
Domain Reload Profiling:
	ReloadAssembly (835ms)
		BeginReloadAssembly (102ms)
			ExecutionOrderSort (0ms)
			DisableScriptedObjects (4ms)
			BackupInstance (0ms)
			ReleaseScriptingObjects (0ms)
			CreateAndSetChildDomain (34ms)
		EndReloadAssembly (665ms)
			LoadAssemblies (66ms)
			RebuildTransferFunctionScriptingTraits (0ms)
			SetupTypeCache (204ms)
				TypeCache.Initialize (197ms)
					TypeCache.ScanAssembly (191ms)
				ResolveRequiredComponents (7ms)
			ReleaseScriptCaches (2ms)
			RebuildScriptCaches (32ms)
			SetupLoadedEditorAssemblies (313ms)
				LogAssemblyErrors (0ms)
				InitializePlatformSupportModulesInManaged (21ms)
				SetLoadedEditorAssemblies (5ms)
				RefreshPlugins (1ms)
				BeforeProcessingInitializeOnLoad (59ms)
				ProcessInitializeOnLoadAttributes (164ms)
				ProcessInitializeOnLoadMethodAttributes (56ms)
				AfterProcessingInitializeOnLoad (7ms)
				EditorAssembliesLoaded (0ms)
			ExecutionOrderSort2 (0ms)
			AwakeInstancesAfterBackupRestoration (7ms)
Platform modules already initialized, skipping
Refreshing native plugins compatible for Editor in 1.69 ms, found 3 plugins.
Preloading 0 native plugins for Editor in 0.00 ms.
Unloading 5271 Unused Serialized files (Serialized files now loaded: 0)
Unloading 26 unused Assets / (380.7 KB). Loaded Objects now: 5982.
Memory consumption went from 0.82 GB to 0.82 GB.
Total: 3.121100 ms (FindLiveObjects: 0.326900 ms CreateObjectMapping: 0.128600 ms MarkObjects: 2.587900 ms  DeleteObjects: 0.077000 ms)

AssetImportParameters requested are different than current active one (requested -> active):
  custom:video-decoder-ogg-theora: a1e56fd34408186e4bbccfd4996cb3dc -> 
  custom:container-muxer-webm: aa71ff27fc2769a1b78a27578f13a17b -> 
  custom:container-demuxer-webm: 4f35f7cbe854078d1ac9338744f61a02 -> 
  custom:video-encoder-webm-vp8: eb34c28f22e8b96e1ab97ce403110664 -> 
  custom:video-codec-MediaFoundation-h265: 746d11721c4dcdbdad8f713fa42b33f4 -> 
  custom:audio-encoder-webm-vorbis: bf7c407c2cedff20999df2af8eb42d56 -> 
  custom:framework-win-MediaFoundation: 216162199b28c13a410421893ffa2e32 -> 
  custom:container-demuxer-ogg: 62fdf1f143b41e24485cea50d1cbac27 -> 
  custom:video-decoder-webm-vp8: 9c59270c3fd7afecdb556c50c9e8de78 -> 
  custom:audio-decoder-ogg-vorbis: bf7c407c2cedff20999df2af8eb42d56 -> 
========================================================================
Received Import Request.
  Time since last request: 157.422439 seconds.
  path: Assets/Prefabs/Tank.prefab
  artifactKey: Guid(d16147d50cb67244fa7ca1b57c1019d6) Importer(815301076,1909f56bfc062723c751e8b465ee728b)
Start importing Assets/Prefabs/Tank.prefab using Guid(d16147d50cb67244fa7ca1b57c1019d6) Importer(815301076,1909f56bfc062723c751e8b465ee728b)  -> (artifact id: 'f5a3dd087f9b9382c309a0f4e9e317c2') in 0.138154 seconds 
========================================================================
Received Import Request.
  Time since last request: 283.901022 seconds.
  path: Assets/Assets/Levels/Floor -1 Level 2.fbx
  artifactKey: Guid(9f1f063099e19c44cb646c292255ce82) Importer(815301076,1909f56bfc062723c751e8b465ee728b)
Start importing Assets/Assets/Levels/Floor -1 Level 2.fbx using Guid(9f1f063099e19c44cb646c292255ce82) Importer(815301076,1909f56bfc062723c751e8b465ee728b)  -> (artifact id: 'ac00a7ef08cb7e2e0f0a858477b9d29b') in 0.281606 seconds 
========================================================================
Received Import Request.
  Time since last request: 0.000019 seconds.
  path: Assets/Assets/Levels/Floor 0 Level 1.fbx
  artifactKey: Guid(fcbd6dccde1644c48b60d6b3344342d7) Importer(815301076,1909f56bfc062723c751e8b465ee728b)
Start importing Assets/Assets/Levels/Floor 0 Level 1.fbx using Guid(fcbd6dccde1644c48b60d6b3344342d7) Importer(815301076,1909f56bfc062723c751e8b465ee728b)  -> (artifact id: 'e9cd3ae49e897ac77aeacab04def328f') in 0.182967 seconds 
========================================================================
Received Import Request.
  Time since last request: 0.000025 seconds.
  path: Assets/Assets/Levels/Tutorial Level 3a.fbx
  artifactKey: Guid(20bfe4aeb1ace7d44a89910ae8443fe1) Importer(815301076,1909f56bfc062723c751e8b465ee728b)
Start importing Assets/Assets/Levels/Tutorial Level 3a.fbx using Guid(20bfe4aeb1ace7d44a89910ae8443fe1) Importer(815301076,1909f56bfc062723c751e8b465ee728b)  -> (artifact id: '2abc24746a9533bedc398d60378d68b8') in 0.150849 seconds 
========================================================================
Received Import Request.
  Time since last request: 0.000017 seconds.
  path: Assets/Assets/Levels/Tutorial Level 2.fbx
  artifactKey: Guid(6633d8be565cd8b408a8b9ea45513d58) Importer(815301076,1909f56bfc062723c751e8b465ee728b)
Start importing Assets/Assets/Levels/Tutorial Level 2.fbx using Guid(6633d8be565cd8b408a8b9ea45513d58) Importer(815301076,1909f56bfc062723c751e8b465ee728b)  -> (artifact id: '3f3b8b896a20cc65ba5027595a7030f4') in 0.138681 seconds 
========================================================================
Received Import Request.
  Time since last request: 0.000023 seconds.
  path: Assets/Assets/Levels/Floor 0 Level 2.fbx
  artifactKey: Guid(ed5e539ea88f86043b973514dda222b7) Importer(815301076,1909f56bfc062723c751e8b465ee728b)
Start importing Assets/Assets/Levels/Floor 0 Level 2.fbx using Guid(ed5e539ea88f86043b973514dda222b7) Importer(815301076,1909f56bfc062723c751e8b465ee728b)  -> (artifact id: 'de27b04c5e3cd42bbb89e8917310fb6f') in 0.142217 seconds 
========================================================================
Received Import Request.
  Time since last request: 0.000023 seconds.
  path: Assets/Assets/Levels/Floor -2 Level 1.fbx
  artifactKey: Guid(53dd70823e197c04fbda21c32516145e) Importer(815301076,1909f56bfc062723c751e8b465ee728b)
Start importing Assets/Assets/Levels/Floor -2 Level 1.fbx using Guid(53dd70823e197c04fbda21c32516145e) Importer(815301076,1909f56bfc062723c751e8b465ee728b)  -> (artifact id: '0b1f4718d61bca6a655ae5cc20fe9d2a') in 0.298824 seconds 
========================================================================
Received Import Request.
  Time since last request: 0.000020 seconds.
  path: Assets/Assets/Levels/Floor -1 Level 3.fbx
  artifactKey: Guid(620c01da8ac31a54285a9dba18777925) Importer(815301076,1909f56bfc062723c751e8b465ee728b)
Start importing Assets/Assets/Levels/Floor -1 Level 3.fbx using Guid(620c01da8ac31a54285a9dba18777925) Importer(815301076,1909f56bfc062723c751e8b465ee728b)  -> (artifact id: 'adf171f1c4b760ac7fd15618dee94057') in 0.384962 seconds 
========================================================================
Received Import Request.
  Time since last request: 0.000028 seconds.
  path: Assets/Assets/Levels/Floor 0 Level 3.fbx
  artifactKey: Guid(334f31945b27f754599b86a44370c235) Importer(815301076,1909f56bfc062723c751e8b465ee728b)
Start importing Assets/Assets/Levels/Floor 0 Level 3.fbx using Guid(334f31945b27f754599b86a44370c235) Importer(815301076,1909f56bfc062723c751e8b465ee728b)  -> (artifact id: '821467f529ef92c97e51a54b4cf1ca9b') in 0.308715 seconds 
Editor requested this worker to shutdown with reason: Scaling down because of idle timeout
AssetImportWorker is now disconnected from the server
Process exiting
Exiting without the bug reporter. Application will terminate with return code 0