Using pre-set license
Built from '2022.1/staging' branch; Version is '2022.1.7f1 (240f4c1f462c) revision 2363212'; Using compiler version '192829333'; Build Type 'Release'
OS: 'Windows 11  (10.0.26100) 64bit Professional' Language: 'en' Physical Memory: 65261 MB
BatchMode: 1, IsHumanControllingUs: 0, StartBugReporterOnCrash: 0, Is64bit: 1, IsPro: 1

COMMAND LINE ARGUMENTS:
C:\Program Files\Unity\Hub\Editor\2022.1.7f1\Editor\Unity.exe
-adb2
-batchMode
-noUpm
-name
AssetImportWorker2
-projectPath
C:/Users/Riley/Desktop/Shader Implementation
-logFile
Logs/AssetImportWorker2.log
-srvPort
65176
Successfully changed project path to: C:/Users/Riley/Desktop/Shader Implementation
C:/Users/Riley/Desktop/Shader Implementation
[UnityMemory] Configuration Parameters - Can be set up in boot.config
    "memorysetup-bucket-allocator-granularity=16"
    "memorysetup-bucket-allocator-bucket-count=8"
    "memorysetup-bucket-allocator-block-size=33554432"
    "memorysetup-bucket-allocator-block-count=8"
    "memorysetup-main-allocator-block-size=16777216"
    "memorysetup-thread-allocator-block-size=16777216"
    "memorysetup-gfx-main-allocator-block-size=16777216"
    "memorysetup-gfx-thread-allocator-block-size=16777216"
    "memorysetup-cache-allocator-block-size=4194304"
    "memorysetup-typetree-allocator-block-size=2097152"
    "memorysetup-profiler-bucket-allocator-granularity=16"
    "memorysetup-profiler-bucket-allocator-bucket-count=8"
    "memorysetup-profiler-bucket-allocator-block-size=33554432"
    "memorysetup-profiler-bucket-allocator-block-count=8"
    "memorysetup-profiler-allocator-block-size=16777216"
    "memorysetup-profiler-editor-allocator-block-size=1048576"
    "memorysetup-temp-allocator-size-main=16777216"
    "memorysetup-job-temp-allocator-block-size=2097152"
    "memorysetup-job-temp-allocator-block-size-background=1048576"
    "memorysetup-job-temp-allocator-reduction-small-platforms=262144"
    "memorysetup-temp-allocator-size-background-worker=32768"
    "memorysetup-temp-allocator-size-job-worker=262144"
    "memorysetup-temp-allocator-size-preload-manager=33554432"
    "memorysetup-temp-allocator-size-nav-mesh-worker=65536"
    "memorysetup-temp-allocator-size-audio-worker=65536"
    "memorysetup-temp-allocator-size-cloud-worker=32768"
    "memorysetup-temp-allocator-size-gi-baking-worker=262144"
    "memorysetup-temp-allocator-size-gfx=262144"
Refreshing native plugins compatible for Editor in 67.94 ms, found 3 plugins.
Preloading 0 native plugins for Editor in 0.00 ms.
Initialize engine version: 2022.1.7f1 (240f4c1f462c)
[Subsystems] Discovering subsystems at path C:/Program Files/Unity/Hub/Editor/2022.1.7f1/Editor/Data/Resources/UnitySubsystems
[Subsystems] Discovering subsystems at path C:/Users/Riley/Desktop/Shader Implementation/Assets
GfxDevice: creating device client; threaded=0; jobified=0
Direct3D:
    Version:  Direct3D 11.0 [level 11.1]
    Renderer: NVIDIA GeForce RTX 4070 (ID=0x2786)
    Vendor:   NVIDIA
    VRAM:     12012 MB
    Driver:   32.0.15.6590
Initialize mono
Mono path[0] = 'C:/Program Files/Unity/Hub/Editor/2022.1.7f1/Editor/Data/Managed'
Mono path[1] = 'C:/Program Files/Unity/Hub/Editor/2022.1.7f1/Editor/Data/MonoBleedingEdge/lib/mono/unityjit-win32'
Mono config path = 'C:/Program Files/Unity/Hub/Editor/2022.1.7f1/Editor/Data/MonoBleedingEdge/etc'
Using monoOptions --debugger-agent=transport=dt_socket,embedding=1,server=y,suspend=n,address=127.0.0.1:56192
Begin MonoManager ReloadAssembly
Registering precompiled unity dll's ...
Register platform support module: C:/Program Files/Unity/Hub/Editor/2022.1.7f1/Editor/Data/PlaybackEngines/AndroidPlayer/UnityEditor.Android.Extensions.dll
Register platform support module: C:/Program Files/Unity/Hub/Editor/2022.1.7f1/Editor/Data/PlaybackEngines/iOSSupport/UnityEditor.iOS.Extensions.dll
Register platform support module: C:/Program Files/Unity/Hub/Editor/2022.1.7f1/Editor/Data/PlaybackEngines/WindowsStandaloneSupport/UnityEditor.WindowsStandalone.Extensions.dll
Registered in 0.005349 seconds.
Native extension for WindowsStandalone target not found
[usbmuxd] Start listen thread
[usbmuxd] Listen thread started
Native extension for iOS target not found
Native extension for Android target not found
Refreshing native plugins compatible for Editor in 62.56 ms, found 3 plugins.
Preloading 0 native plugins for Editor in 0.00 ms.
Mono: successfully reloaded assembly
- Completed reload, in  0.434 seconds
Domain Reload Profiling:
	ReloadAssembly (434ms)
		BeginReloadAssembly (48ms)
			ExecutionOrderSort (0ms)
			DisableScriptedObjects (0ms)
			BackupInstance (0ms)
			ReleaseScriptingObjects (0ms)
			CreateAndSetChildDomain (0ms)
		EndReloadAssembly (317ms)
			LoadAssemblies (46ms)
			RebuildTransferFunctionScriptingTraits (0ms)
			SetupTypeCache (71ms)
				TypeCache.Initialize (71ms)
					TypeCache.ScanAssembly (70ms)
				ResolveRequiredComponents (0ms)
			ReleaseScriptCaches (0ms)
			RebuildScriptCaches (17ms)
			SetupLoadedEditorAssemblies (197ms)
				LogAssemblyErrors (0ms)
				InitializePlatformSupportModulesInManaged (42ms)
				SetLoadedEditorAssemblies (6ms)
				RefreshPlugins (63ms)
				BeforeProcessingInitializeOnLoad (1ms)
				ProcessInitializeOnLoadAttributes (61ms)
				ProcessInitializeOnLoadMethodAttributes (25ms)
				AfterProcessingInitializeOnLoad (0ms)
				EditorAssembliesLoaded (0ms)
			ExecutionOrderSort2 (0ms)
			AwakeInstancesAfterBackupRestoration (0ms)
Platform modules already initialized, skipping
Registering precompiled user dll's ...
Registered in 0.006389 seconds.
Begin MonoManager ReloadAssembly
Symbol file LoadedFromMemory doesn't match image C:\Users\Riley\Desktop\Shader Implementation\Library\PackageCache\com.unity.visualscripting@1.7.8\Editor\VisualScripting.Core\Dependencies\YamlDotNet\Unity.VisualScripting.YamlDotNet.dll
Symbol file LoadedFromMemory doesn't match image C:\Users\Riley\Desktop\Shader Implementation\Library\PackageCache\com.unity.visualscripting@1.7.8\Editor\VisualScripting.Core\Dependencies\DotNetZip\Unity.VisualScripting.IonicZip.dll
Native extension for WindowsStandalone target not found
Native extension for iOS target not found
Native extension for Android target not found
Refreshing native plugins compatible for Editor in 67.75 ms, found 3 plugins.
Preloading 0 native plugins for Editor in 0.00 ms.
Mono: successfully reloaded assembly
- Completed reload, in  0.935 seconds
Domain Reload Profiling:
	ReloadAssembly (935ms)
		BeginReloadAssembly (178ms)
			ExecutionOrderSort (0ms)
			DisableScriptedObjects (4ms)
			BackupInstance (0ms)
			ReleaseScriptingObjects (0ms)
			CreateAndSetChildDomain (119ms)
		EndReloadAssembly (687ms)
			LoadAssemblies (63ms)
			RebuildTransferFunctionScriptingTraits (0ms)
			SetupTypeCache (180ms)
				TypeCache.Initialize (173ms)
					TypeCache.ScanAssembly (170ms)
				ResolveRequiredComponents (7ms)
			ReleaseScriptCaches (1ms)
			RebuildScriptCaches (40ms)
			SetupLoadedEditorAssemblies (374ms)
				LogAssemblyErrors (0ms)
				InitializePlatformSupportModulesInManaged (13ms)
				SetLoadedEditorAssemblies (4ms)
				RefreshPlugins (68ms)
				BeforeProcessingInitializeOnLoad (78ms)
				ProcessInitializeOnLoadAttributes (154ms)
				ProcessInitializeOnLoadMethodAttributes (49ms)
				AfterProcessingInitializeOnLoad (8ms)
				EditorAssembliesLoaded (0ms)
			ExecutionOrderSort2 (0ms)
			AwakeInstancesAfterBackupRestoration (4ms)
Platform modules already initialized, skipping
========================================================================
Worker process is ready to serve import requests
Launched and connected shader compiler UnityShaderCompiler.exe after 0.03 seconds
Refreshing native plugins compatible for Editor in 0.89 ms, found 3 plugins.
Preloading 0 native plugins for Editor in 0.00 ms.
Unloading 5422 Unused Serialized files (Serialized files now loaded: 0)
Unloading 45 unused Assets / (422.0 KB). Loaded Objects now: 5880.
Memory consumption went from 0.84 GB to 0.84 GB.
Total: 3.407700 ms (FindLiveObjects: 0.422000 ms CreateObjectMapping: 0.082800 ms MarkObjects: 2.732500 ms  DeleteObjects: 0.169500 ms)

AssetImportParameters requested are different than current active one (requested -> active):
  custom:video-decoder-ogg-theora: a1e56fd34408186e4bbccfd4996cb3dc -> 
  custom:container-muxer-webm: aa71ff27fc2769a1b78a27578f13a17b -> 
  custom:container-demuxer-webm: 4f35f7cbe854078d1ac9338744f61a02 -> 
  custom:video-encoder-webm-vp8: eb34c28f22e8b96e1ab97ce403110664 -> 
  custom:video-codec-MediaFoundation-h265: 746d11721c4dcdbdad8f713fa42b33f4 -> 
  custom:audio-encoder-webm-vorbis: bf7c407c2cedff20999df2af8eb42d56 -> 
  custom:framework-win-MediaFoundation: 216162199b28c13a410421893ffa2e32 -> 
  custom:container-demuxer-ogg: 62fdf1f143b41e24485cea50d1cbac27 -> 
  custom:video-decoder-webm-vp8: 9c59270c3fd7afecdb556c50c9e8de78 -> 
  custom:audio-decoder-ogg-vorbis: bf7c407c2cedff20999df2af8eb42d56 -> 
========================================================================
Received Import Request.
  Time since last request: 37049.402538 seconds.
  path: Assets/Prefabs/Player.prefab
  artifactKey: Guid(51f683cc7157aad408f1c3cb8bcc8b11) Importer(815301076,1909f56bfc062723c751e8b465ee728b)
Start importing Assets/Prefabs/Player.prefab using Guid(51f683cc7157aad408f1c3cb8bcc8b11) Importer(815301076,1909f56bfc062723c751e8b465ee728b)  -> (artifact id: '3ac333d2c510d4095aae468bbb4f4508') in 0.189137 seconds 
========================================================================
Received Import Request.
  Time since last request: 0.000016 seconds.
  path: Assets/Prefabs/Sci Tank .prefab
  artifactKey: Guid(4c4d333f6ac88144698d3494fd18f09a) Importer(815301076,1909f56bfc062723c751e8b465ee728b)
Start importing Assets/Prefabs/Sci Tank .prefab using Guid(4c4d333f6ac88144698d3494fd18f09a) Importer(815301076,1909f56bfc062723c751e8b465ee728b)  -> (artifact id: 'ef7a089f383606f8fc6af8fb526f498a') in 0.023325 seconds 
========================================================================
Received Import Request.
  Time since last request: 54.418652 seconds.
  path: Assets/Materials/Lvl materials/Floor 0.mat
  artifactKey: Guid(5833367591297e349bb85ef72a3f20c8) Importer(815301076,1909f56bfc062723c751e8b465ee728b)
Start importing Assets/Materials/Lvl materials/Floor 0.mat using Guid(5833367591297e349bb85ef72a3f20c8) Importer(815301076,1909f56bfc062723c751e8b465ee728b)  -> (artifact id: 'eefc774ec3dc880804716bd1dceb7138') in 0.033116 seconds 
========================================================================
Received Import Request.
  Time since last request: 0.000020 seconds.
  path: Assets/Materials/Lvl materials/Tutorial.mat
  artifactKey: Guid(dc8f12a358cd1464cb9e77ab4ac931f4) Importer(815301076,1909f56bfc062723c751e8b465ee728b)
Start importing Assets/Materials/Lvl materials/Tutorial.mat using Guid(dc8f12a358cd1464cb9e77ab4ac931f4) Importer(815301076,1909f56bfc062723c751e8b465ee728b)  -> (artifact id: '3bc86f1bdae4d4b5e772c613a843546a') in 0.013274 seconds 
========================================================================
Received Import Request.
  Time since last request: 3.871971 seconds.
  path: Assets/Materials/Materials New/BB_Body_Mat.mat
  artifactKey: Guid(6768571b3193a4b4797bd82698f1f79f) Importer(815301076,1909f56bfc062723c751e8b465ee728b)
Start importing Assets/Materials/Materials New/BB_Body_Mat.mat using Guid(6768571b3193a4b4797bd82698f1f79f) Importer(815301076,1909f56bfc062723c751e8b465ee728b)  -> (artifact id: '3a64a545f9184c2740904f25e157ef7c') in 0.016194 seconds 
========================================================================
Received Import Request.
  Time since last request: 0.000016 seconds.
  path: Assets/Materials/Materials New/Tank_Sci_Mat.mat
  artifactKey: Guid(594127f754f5f3e408be7677398ea0b4) Importer(815301076,1909f56bfc062723c751e8b465ee728b)
Start importing Assets/Materials/Materials New/Tank_Sci_Mat.mat using Guid(594127f754f5f3e408be7677398ea0b4) Importer(815301076,1909f56bfc062723c751e8b465ee728b)  -> (artifact id: '72869529e6315cc5b0df48c9be6d3d9f') in 0.021542 seconds 
========================================================================
Received Import Request.
  Time since last request: 43.697350 seconds.
  path: Assets/Assets/Levels
  artifactKey: Guid(039c7af1966e76645a09902f80cbe06c) Importer(815301076,1909f56bfc062723c751e8b465ee728b)
Start importing Assets/Assets/Levels using Guid(039c7af1966e76645a09902f80cbe06c) Importer(815301076,1909f56bfc062723c751e8b465ee728b)  -> (artifact id: '93f6504121eac9c9a7b61ff2b3086c01') in 0.007523 seconds 
========================================================================
Received Import Request.
  Time since last request: 35.111578 seconds.
  path: Assets/Scenes/Scenes/Floor 2-3.unity
  artifactKey: Guid(ad67672bbde690e43821dfacafa70424) Importer(815301076,1909f56bfc062723c751e8b465ee728b)
Start importing Assets/Scenes/Scenes/Floor 2-3.unity using Guid(ad67672bbde690e43821dfacafa70424) Importer(815301076,1909f56bfc062723c751e8b465ee728b)  -> (artifact id: '7dde6792d92712bb1d6788260aac3a49') in 0.002035 seconds 
========================================================================
Received Import Request.
  Time since last request: 6.231046 seconds.
  path: Assets/Scenes/Scenes/Floor 2-2.unity
  artifactKey: Guid(6657c51334a49ca439af1a06ee43000e) Importer(815301076,1909f56bfc062723c751e8b465ee728b)
Start importing Assets/Scenes/Scenes/Floor 2-2.unity using Guid(6657c51334a49ca439af1a06ee43000e) Importer(815301076,1909f56bfc062723c751e8b465ee728b)  -> (artifact id: 'd947a6ee9d15932ac54089a9ee2b3af1') in 0.009164 seconds 
========================================================================
Received Import Request.
  Time since last request: 125.850474 seconds.
  path: Assets/Scenes/Scenes/Floor 1-3.unity
  artifactKey: Guid(9e76f2fa61b63b647a9417e1ad58ef68) Importer(815301076,1909f56bfc062723c751e8b465ee728b)
Start importing Assets/Scenes/Scenes/Floor 1-3.unity using Guid(9e76f2fa61b63b647a9417e1ad58ef68) Importer(815301076,1909f56bfc062723c751e8b465ee728b)  -> (artifact id: 'a93e517e7836d9409d32d82a223e947b') in 0.008098 seconds 
========================================================================
Received Import Request.
  Time since last request: 2.453716 seconds.
  path: Assets/Scenes/Scenes/Floor 2-1.unity
  artifactKey: Guid(e12b8522abde8944fa00a8b105b211d3) Importer(815301076,1909f56bfc062723c751e8b465ee728b)
Start importing Assets/Scenes/Scenes/Floor 2-1.unity using Guid(e12b8522abde8944fa00a8b105b211d3) Importer(815301076,1909f56bfc062723c751e8b465ee728b)  -> (artifact id: '579faa7d00274a5f2a0711637f6fad03') in 0.008485 seconds 
========================================================================
Received Import Request.
  Time since last request: 153.825639 seconds.
  path: Assets/Assets
  artifactKey: Guid(3768a0798569b11438c3469df97001e5) Importer(815301076,1909f56bfc062723c751e8b465ee728b)
Start importing Assets/Assets using Guid(3768a0798569b11438c3469df97001e5) Importer(815301076,1909f56bfc062723c751e8b465ee728b)  -> (artifact id: '22300bfce0276a8ae6b19d98a4137cec') in 0.008640 seconds 
